{
  "RSpec": {
    "coverage": {
      "/Users/aleishamork/turing/1mod/projects/enigma/lib/enigma.rb": {
        "lines": [
          1,
          1,
          1,
          null,
          1,
          8,
          8,
          8,
          8,
          null,
          null,
          null,
          1,
          5,
          5,
          5,
          null,
          null,
          1,
          1,
          null,
          null,
          1,
          null,
          1,
          1,
          null,
          null
        ]
      }
    },
    "timestamp": 1659745452
  }
}
