{
  "RSpec": {
    "coverage": {
      "/Users/aleishamork/turing/1mod/projects/enigma/lib/enigma.rb": {
        "lines": [
          1,
          1,
          1,
          null,
          1,
          10,
          10,
          10,
          10,
          null,
          null,
          1,
          7,
          7,
          7,
          null,
          null,
          1,
          13,
          null,
          null,
          1,
          13,
          13,
          null,
          null,
          1,
          60,
          null,
          null,
          1,
          1,
          null,
          null,
          1,
          1,
          1,
          1,
          3,
          3,
          11,
          0,
          0,
          null,
          11,
          11,
          null,
          11,
          11,
          3,
          3,
          null,
          8,
          null,
          8,
          8,
          null,
          null,
          null,
          null,
          1,
          null,
          null
        ]
      }
    },
    "timestamp": 1659766324
  }
}
